<?xml version="1.0" encoding="UTF-8"?>
<testng-results skipped="0" failed="0" total="5" passed="5">
  <reporter-output>
  </reporter-output>
  <suite name="Default suite" duration-ms="81564" started-at="2018-02-09T05:42:29Z" finished-at="2018-02-09T05:43:51Z">
    <groups>
    </groups>
    <test name="Default test" duration-ms="81564" started-at="2018-02-09T05:42:29Z" finished-at="2018-02-09T05:43:51Z">
      <class name="com.selenium.test.DemoPCDP.LandingPage">
        <test-method status="PASS" signature="landingPageElements()[pri:0, instance:com.selenium.test.DemoPCDP.LandingPage@91161c7]" name="landingPageElements" duration-ms="325" started-at="2018-02-09T11:13:28Z" finished-at="2018-02-09T11:13:28Z">
          <reporter-output>
          </reporter-output>
        </test-method> <!-- landingPageElements -->
      </class> <!-- com.selenium.test.DemoPCDP.LandingPage -->
      <class name="com.selenium.test.DemoPCDP.PCDP_Login">
        <test-method status="PASS" signature="loginView()[pri:0, instance:com.selenium.test.DemoPCDP.PCDP_Login@604ed9f0]" name="loginView" duration-ms="6785" started-at="2018-02-09T11:13:28Z" finished-at="2018-02-09T11:13:35Z">
          <reporter-output>
          </reporter-output>
        </test-method> <!-- loginView -->
      </class> <!-- com.selenium.test.DemoPCDP.PCDP_Login -->
      <class name="com.selenium.test.DemoPCDP.InvalidCredentil">
        <test-method status="PASS" signature="launchURL()[pri:0, instance:com.selenium.test.DemoPCDP.InvalidCredentil@685cb137]" name="launchURL" is-config="true" duration-ms="11948" started-at="2018-02-09T11:12:29Z" finished-at="2018-02-09T11:12:41Z">
          <reporter-output>
          </reporter-output>
        </test-method> <!-- launchURL -->
        <test-method status="PASS" signature="launchURL()[pri:0, instance:com.selenium.test.DemoPCDP.LandingPage@91161c7]" name="launchURL" is-config="true" duration-ms="11518" started-at="2018-02-09T11:12:41Z" finished-at="2018-02-09T11:12:53Z">
          <reporter-output>
          </reporter-output>
        </test-method> <!-- launchURL -->
        <test-method status="PASS" signature="launchURL()[pri:0, instance:com.selenium.test.DemoPCDP.PCDP_Login@604ed9f0]" name="launchURL" is-config="true" duration-ms="10520" started-at="2018-02-09T11:12:53Z" finished-at="2018-02-09T11:13:03Z">
          <reporter-output>
          </reporter-output>
        </test-method> <!-- launchURL -->
        <test-method status="PASS" signature="launchURL()[pri:0, instance:com.selenium.test.DemoPCDP.ViewCompletionScore@6a4f787b]" name="launchURL" is-config="true" duration-ms="10799" started-at="2018-02-09T11:13:03Z" finished-at="2018-02-09T11:13:14Z">
          <reporter-output>
          </reporter-output>
        </test-method> <!-- launchURL -->
        <test-method status="PASS" signature="launchURL()[pri:0, instance:com.selenium.test.DemoPCDP.ViewPCDPItems@6a41eaa2]" name="launchURL" is-config="true" duration-ms="13702" started-at="2018-02-09T11:13:14Z" finished-at="2018-02-09T11:13:28Z">
          <reporter-output>
          </reporter-output>
        </test-method> <!-- launchURL -->
        <test-method status="PASS" signature="invalidCredential()[pri:0, instance:com.selenium.test.DemoPCDP.InvalidCredentil@685cb137]" name="invalidCredential" duration-ms="2410" started-at="2018-02-09T11:13:41Z" finished-at="2018-02-09T11:13:43Z">
          <reporter-output>
          </reporter-output>
        </test-method> <!-- invalidCredential -->
        <test-method status="PASS" signature="closeBrowser()[pri:0, instance:com.selenium.test.DemoPCDP.InvalidCredentil@685cb137]" name="closeBrowser" is-config="true" duration-ms="45" started-at="2018-02-09T11:13:48Z" finished-at="2018-02-09T11:13:48Z">
          <reporter-output>
          </reporter-output>
        </test-method> <!-- closeBrowser -->
        <test-method status="PASS" signature="closeBrowser()[pri:0, instance:com.selenium.test.DemoPCDP.LandingPage@91161c7]" name="closeBrowser" is-config="true" duration-ms="43" started-at="2018-02-09T11:13:48Z" finished-at="2018-02-09T11:13:48Z">
          <reporter-output>
          </reporter-output>
        </test-method> <!-- closeBrowser -->
        <test-method status="PASS" signature="closeBrowser()[pri:0, instance:com.selenium.test.DemoPCDP.PCDP_Login@604ed9f0]" name="closeBrowser" is-config="true" duration-ms="82" started-at="2018-02-09T11:13:48Z" finished-at="2018-02-09T11:13:48Z">
          <reporter-output>
          </reporter-output>
        </test-method> <!-- closeBrowser -->
        <test-method status="PASS" signature="closeBrowser()[pri:0, instance:com.selenium.test.DemoPCDP.ViewCompletionScore@6a4f787b]" name="closeBrowser" is-config="true" duration-ms="49" started-at="2018-02-09T11:13:48Z" finished-at="2018-02-09T11:13:48Z">
          <reporter-output>
          </reporter-output>
        </test-method> <!-- closeBrowser -->
        <test-method status="PASS" signature="closeBrowser()[pri:0, instance:com.selenium.test.DemoPCDP.ViewPCDPItems@6a41eaa2]" name="closeBrowser" is-config="true" duration-ms="2626" started-at="2018-02-09T11:13:48Z" finished-at="2018-02-09T11:13:51Z">
          <reporter-output>
          </reporter-output>
        </test-method> <!-- closeBrowser -->
      </class> <!-- com.selenium.test.DemoPCDP.InvalidCredentil -->
      <class name="com.selenium.test.DemoPCDP.ViewCompletionScore">
        <test-method status="PASS" signature="completionScore()[pri:0, instance:com.selenium.test.DemoPCDP.ViewCompletionScore@6a4f787b]" name="completionScore" duration-ms="5989" started-at="2018-02-09T11:13:35Z" finished-at="2018-02-09T11:13:41Z">
          <reporter-output>
          </reporter-output>
        </test-method> <!-- completionScore -->
      </class> <!-- com.selenium.test.DemoPCDP.ViewCompletionScore -->
      <class name="com.selenium.test.DemoPCDP.ViewPCDPItems">
        <test-method status="PASS" signature="PCDPItems()[pri:0, instance:com.selenium.test.DemoPCDP.ViewPCDPItems@6a41eaa2]" name="PCDPItems" duration-ms="4687" started-at="2018-02-09T11:13:43Z" finished-at="2018-02-09T11:13:48Z">
          <reporter-output>
          </reporter-output>
        </test-method> <!-- PCDPItems -->
      </class> <!-- com.selenium.test.DemoPCDP.ViewPCDPItems -->
    </test> <!-- Default test -->
  </suite> <!-- Default suite -->
</testng-results>
