<?xml version="1.0" encoding="UTF-8"?>
<!-- Generated by org.testng.reporters.JUnitXMLReporter -->
<testsuite hostname="HCPLH0915LP284" name="Default test" tests="5" failures="0" timestamp="6 Feb 2018 12:05:59 GMT" time="111.126" errors="0">
  <testcase name="landingPageElements" time="0.259" classname="com.selenium.test.DemoPCDP.LandingPage"/>
  <testcase name="loginView" time="7.723" classname="com.selenium.test.DemoPCDP.PCDP_Login"/>
  <testcase name="completionScore" time="6.073" classname="com.selenium.test.DemoPCDP.ViewCompletionScore"/>
  <testcase name="invalidCredential" time="2.278" classname="com.selenium.test.DemoPCDP.InvalidCredentil"/>
  <testcase name="PCDPItems" time="4.101" classname="com.selenium.test.DemoPCDP.ViewPCDPItems"/>
</testsuite> <!-- Default test -->
