<?xml version="1.0" encoding="UTF-8"?>
<!-- Generated by org.testng.reporters.JUnitXMLReporter -->
<testsuite hostname="HCPLH0915LP284" name="Default test" tests="5" failures="0" timestamp="9 Feb 2018 05:43:51 GMT" time="81.564" errors="0">
  <testcase name="landingPageElements" time="0.325" classname="com.selenium.test.DemoPCDP.LandingPage"/>
  <testcase name="loginView" time="6.785" classname="com.selenium.test.DemoPCDP.PCDP_Login"/>
  <testcase name="completionScore" time="5.989" classname="com.selenium.test.DemoPCDP.ViewCompletionScore"/>
  <testcase name="invalidCredential" time="2.41" classname="com.selenium.test.DemoPCDP.InvalidCredentil"/>
  <testcase name="PCDPItems" time="4.687" classname="com.selenium.test.DemoPCDP.ViewPCDPItems"/>
</testsuite> <!-- Default test -->
